# JRE version: OpenJDK Runtime Environment (11.0.8+10) (build 11.0.8+10-post-Ubuntu-0ubuntu120.04)
# Java VM: OpenJDK 64-Bit Server VM (11.0.8+10-post-Ubuntu-0ubuntu120.04, mixed mode, sharing, tiered, compressed oops, g1 gc, linux-amd64)
Heap:
 garbage-first heap   total 252928K, used 133140K [0x0000000745000000, 0x0000000800000000)
  region size 1024K, 124 young (126976K), 10 survivors (10240K)
 Metaspace       used 47742K, capacity 48992K, committed 49404K, reserved 1091584K
  class space    used 6524K, capacity 7025K, committed 7040K, reserved 1048576K
GC Heap History (10 events):
Event: 0,545 GC heap before
{Heap before GC invocations=0 (full 0):
 garbage-first heap   total 194560K, used 23236K [0x0000000745000000, 0x0000000800000000)
  region size 1024K, 22 young (22528K), 0 survivors (0K)
 Metaspace       used 3355K, capacity 6111K, committed 6400K, reserved 1056768K
  class space    used 391K, capacity 664K, committed 768K, reserved 1048576K
}
Event: 0,558 GC heap after
{Heap after GC invocations=1 (full 0):
 garbage-first heap   total 194560K, used 7557K [0x0000000745000000, 0x0000000800000000)
  region size 1024K, 3 young (3072K), 3 survivors (3072K)
 Metaspace       used 3355K, capacity 6111K, committed 6400K, reserved 1056768K
  class space    used 391K, capacity 664K, committed 768K, reserved 1048576K
}
Event: 1,808 GC heap before
{Heap before GC invocations=1 (full 0):
 garbage-first heap   total 194560K, used 119173K [0x0000000745000000, 0x0000000800000000)
  region size 1024K, 112 young (114688K), 3 survivors (3072K)
 Metaspace       used 17449K, capacity 18194K, committed 18304K, reserved 1064960K
  class space    used 2361K, capacity 2638K, committed 2688K, reserved 1048576K
}
Event: 1,827 GC heap after
{Heap after GC invocations=2 (full 0):
 garbage-first heap   total 194560K, used 12014K [0x0000000745000000, 0x0000000800000000)
  region size 1024K, 8 young (8192K), 8 survivors (8192K)
 Metaspace       used 17449K, capacity 18194K, committed 18304K, reserved 1064960K
  class space    used 2361K, capacity 2638K, committed 2688K, reserved 1048576K
}
Event: 1,986 GC heap before
{Heap before GC invocations=2 (full 0):
 garbage-first heap   total 194560K, used 30446K [0x0000000745000000, 0x0000000800000000)
  region size 1024K, 27 young (27648K), 8 survivors (8192K)
 Metaspace       used 20394K, capacity 21093K, committed 21296K, reserved 1067008K
  class space    used 2661K, capacity 2941K, committed 2944K, reserved 1048576K
}
Event: 2,001 GC heap after
{Heap after GC invocations=3 (full 0):
 garbage-first heap   total 194560K, used 12389K [0x0000000745000000, 0x0000000800000000)
  region size 1024K, 8 young (8192K), 8 survivors (8192K)
 Metaspace       used 20394K, capacity 21093K, committed 21296K, reserved 1067008K
  class space    used 2661K, capacity 2941K, committed 2944K, reserved 1048576K
}
Event: 2,367 GC heap before
{Heap before GC invocations=4 (full 0):
 garbage-first heap   total 194560K, used 102501K [0x0000000745000000, 0x0000000800000000)
  region size 1024K, 97 young (99328K), 8 survivors (8192K)
 Metaspace       used 22666K, capacity 23497K, committed 23728K, reserved 1069056K
  class space    used 2968K, capacity 3296K, committed 3328K, reserved 1048576K
}
Event: 2,381 GC heap after
{Heap after GC invocations=5 (full 0):
 garbage-first heap   total 194560K, used 14349K [0x0000000745000000, 0x0000000800000000)
  region size 1024K, 7 young (7168K), 7 survivors (7168K)
 Metaspace       used 22666K, capacity 23497K, committed 23728K, reserved 1069056K
  class space    used 2968K, capacity 3296K, committed 3328K, reserved 1048576K
}
Event: 3,774 GC heap before
{Heap before GC invocations=5 (full 0):
 garbage-first heap   total 194560K, used 119821K [0x0000000745000000, 0x0000000800000000)
  region size 1024K, 111 young (113664K), 7 survivors (7168K)
 Metaspace       used 34461K, capacity 35466K, committed 35708K, reserved 1079296K
  class space    used 4682K, capacity 5099K, committed 5120K, reserved 1048576K
}
Event: 3,803 GC heap after
{Heap after GC invocations=6 (full 0):
 garbage-first heap   total 252928K, used 17428K [0x0000000745000000, 0x0000000800000000)
  region size 1024K, 10 young (10240K), 10 survivors (10240K)
 Metaspace       used 34461K, capacity 35466K, committed 35708K, reserved 1079296K
  class space    used 4682K, capacity 5099K, committed 5120K, reserved 1048576K
}

