# JRE version: OpenJDK Runtime Environment (11.0.8+10) (build 11.0.8+10-post-Ubuntu-0ubuntu120.04)
# Java VM: OpenJDK 64-Bit Server VM (11.0.8+10-post-Ubuntu-0ubuntu120.04, mixed mode, sharing, tiered, compressed oops, g1 gc, linux-amd64)
Heap:
 garbage-first heap   total 285696K, used 52276K [0x0000000745000000, 0x0000000800000000)
  region size 1024K, 46 young (47104K), 8 survivors (8192K)
 Metaspace       used 21721K, capacity 22494K, committed 22704K, reserved 1069056K
  class space    used 2750K, capacity 3008K, committed 3072K, reserved 1048576K
GC Heap History (10 events):
Event: 0,597 GC heap before
{Heap before GC invocations=0 (full 0):
 garbage-first heap   total 194560K, used 24260K [0x0000000745000000, 0x0000000800000000)
  region size 1024K, 22 young (22528K), 0 survivors (0K)
 Metaspace       used 4191K, capacity 6555K, committed 6656K, reserved 1056768K
  class space    used 455K, capacity 679K, committed 768K, reserved 1048576K
}
Event: 0,612 GC heap after
{Heap after GC invocations=1 (full 0):
 garbage-first heap   total 194560K, used 7040K [0x0000000745000000, 0x0000000800000000)
  region size 1024K, 3 young (3072K), 3 survivors (3072K)
 Metaspace       used 4191K, capacity 6555K, committed 6656K, reserved 1056768K
  class space    used 455K, capacity 679K, committed 768K, reserved 1048576K
}
Event: 0,966 GC heap before
{Heap before GC invocations=1 (full 0):
 garbage-first heap   total 194560K, used 66432K [0x0000000745000000, 0x0000000800000000)
  region size 1024K, 62 young (63488K), 3 survivors (3072K)
 Metaspace       used 7775K, capacity 9008K, committed 9088K, reserved 1056768K
  class space    used 926K, capacity 1080K, committed 1152K, reserved 1048576K
}
Event: 0,976 GC heap after
{Heap after GC invocations=2 (full 0):
 garbage-first heap   total 194560K, used 8482K [0x0000000745000000, 0x0000000800000000)
  region size 1024K, 5 young (5120K), 5 survivors (5120K)
 Metaspace       used 7775K, capacity 9008K, committed 9088K, reserved 1056768K
  class space    used 926K, capacity 1080K, committed 1152K, reserved 1048576K
}
Event: 1,519 GC heap before
{Heap before GC invocations=2 (full 0):
 garbage-first heap   total 194560K, used 76066K [0x0000000745000000, 0x0000000800000000)
  region size 1024K, 71 young (72704K), 5 survivors (5120K)
 Metaspace       used 17157K, capacity 17725K, committed 17920K, reserved 1064960K
  class space    used 2220K, capacity 2438K, committed 2560K, reserved 1048576K
}
Event: 1,537 GC heap after
{Heap after GC invocations=3 (full 0):
 garbage-first heap   total 194560K, used 10363K [0x0000000745000000, 0x0000000800000000)
  region size 1024K, 7 young (7168K), 7 survivors (7168K)
 Metaspace       used 17157K, capacity 17725K, committed 17920K, reserved 1064960K
  class space    used 2220K, capacity 2438K, committed 2560K, reserved 1048576K
}
Event: 2,318 GC heap before
{Heap before GC invocations=3 (full 0):
 garbage-first heap   total 194560K, used 109691K [0x0000000745000000, 0x0000000800000000)
  region size 1024K, 106 young (108544K), 7 survivors (7168K)
 Metaspace       used 20503K, capacity 21165K, committed 21296K, reserved 1067008K
  class space    used 2615K, capacity 2856K, committed 2944K, reserved 1048576K
}
Event: 2,347 GC heap after
{Heap after GC invocations=4 (full 0):
 garbage-first heap   total 194560K, used 13683K [0x0000000745000000, 0x0000000800000000)
  region size 1024K, 10 young (10240K), 10 survivors (10240K)
 Metaspace       used 20503K, capacity 21165K, committed 21296K, reserved 1067008K
  class space    used 2615K, capacity 2856K, committed 2944K, reserved 1048576K
}
Event: 2,829 GC heap before
{Heap before GC invocations=5 (full 0):
 garbage-first heap   total 194560K, used 118131K [0x0000000745000000, 0x0000000800000000)
  region size 1024K, 112 young (114688K), 10 survivors (10240K)
 Metaspace       used 21440K, capacity 22128K, committed 22448K, reserved 1069056K
  class space    used 2716K, capacity 2973K, committed 3072K, reserved 1048576K
}
Event: 2,856 GC heap after
{Heap after GC invocations=6 (full 0):
 garbage-first heap   total 285696K, used 14388K [0x0000000745000000, 0x0000000800000000)
  region size 1024K, 8 young (8192K), 8 survivors (8192K)
 Metaspace       used 21440K, capacity 22128K, committed 22448K, reserved 1069056K
  class space    used 2716K, capacity 2973K, committed 3072K, reserved 1048576K
}

